=== puma startup: 2022-05-21 20:54:59 -0400 ===
/Users/anindyamondal/.rvm/gems/ruby-3.1.2/gems/puma-5.6.4/lib/puma/launcher.rb:248:in `write': No such file or directory @ rb_sysopen - /Users/anindyamondal/Projects/redrock/shared/pids/puma.pid (Errno::ENOENT)
	from /Users/anindyamondal/.rvm/gems/ruby-3.1.2/gems/puma-5.6.4/lib/puma/launcher.rb:248:in `write_pid'
	from /Users/anindyamondal/.rvm/gems/ruby-3.1.2/gems/puma-5.6.4/lib/puma/launcher.rb:112:in `write_state'
	from /Users/anindyamondal/.rvm/gems/ruby-3.1.2/gems/puma-5.6.4/lib/puma/cluster.rb:406:in `run'
	from /Users/anindyamondal/.rvm/gems/ruby-3.1.2/gems/puma-5.6.4/lib/puma/launcher.rb:182:in `run'
	from /Users/anindyamondal/.rvm/gems/ruby-3.1.2/gems/puma-5.6.4/lib/rack/handler/puma.rb:72:in `run'
	from /Users/anindyamondal/.rvm/gems/ruby-3.1.2/gems/rack-2.2.3/lib/rack/server.rb:327:in `start'
	from /Users/anindyamondal/.rvm/gems/ruby-3.1.2/gems/railties-7.0.3/lib/rails/commands/server/server_command.rb:38:in `start'
	from /Users/anindyamondal/.rvm/gems/ruby-3.1.2/gems/railties-7.0.3/lib/rails/commands/server/server_command.rb:143:in `block in perform'
	from <internal:kernel>:90:in `tap'
	from /Users/anindyamondal/.rvm/gems/ruby-3.1.2/gems/railties-7.0.3/lib/rails/commands/server/server_command.rb:134:in `perform'
	from /Users/anindyamondal/.rvm/gems/ruby-3.1.2/gems/thor-1.2.1/lib/thor/command.rb:27:in `run'
	from /Users/anindyamondal/.rvm/gems/ruby-3.1.2/gems/thor-1.2.1/lib/thor/invocation.rb:127:in `invoke_command'
	from /Users/anindyamondal/.rvm/gems/ruby-3.1.2/gems/thor-1.2.1/lib/thor.rb:392:in `dispatch'
	from /Users/anindyamondal/.rvm/gems/ruby-3.1.2/gems/railties-7.0.3/lib/rails/command/base.rb:87:in `perform'
	from /Users/anindyamondal/.rvm/gems/ruby-3.1.2/gems/railties-7.0.3/lib/rails/command.rb:48:in `invoke'
	from /Users/anindyamondal/.rvm/gems/ruby-3.1.2/gems/railties-7.0.3/lib/rails/commands.rb:18:in `<main>'
	from /Users/anindyamondal/.rvm/gems/ruby-3.1.2/gems/bootsnap-1.11.1/lib/bootsnap/load_path_cache/core_ext/kernel_require.rb:30:in `require'
	from /Users/anindyamondal/.rvm/gems/ruby-3.1.2/gems/bootsnap-1.11.1/lib/bootsnap/load_path_cache/core_ext/kernel_require.rb:30:in `require'
	from bin/rails:4:in `<main>'
=== puma startup: 2022-05-21 20:55:25 -0400 ===
/Users/anindyamondal/.rvm/gems/ruby-3.1.2/gems/puma-5.6.4/lib/puma/launcher.rb:248:in `write': No such file or directory @ rb_sysopen - /Users/anindyamondal/Projects/redrock/shared/pids/puma.pid (Errno::ENOENT)
	from /Users/anindyamondal/.rvm/gems/ruby-3.1.2/gems/puma-5.6.4/lib/puma/launcher.rb:248:in `write_pid'
	from /Users/anindyamondal/.rvm/gems/ruby-3.1.2/gems/puma-5.6.4/lib/puma/launcher.rb:112:in `write_state'
	from /Users/anindyamondal/.rvm/gems/ruby-3.1.2/gems/puma-5.6.4/lib/puma/cluster.rb:406:in `run'
	from /Users/anindyamondal/.rvm/gems/ruby-3.1.2/gems/puma-5.6.4/lib/puma/launcher.rb:182:in `run'
	from /Users/anindyamondal/.rvm/gems/ruby-3.1.2/gems/puma-5.6.4/lib/rack/handler/puma.rb:72:in `run'
	from /Users/anindyamondal/.rvm/gems/ruby-3.1.2/gems/rack-2.2.3/lib/rack/server.rb:327:in `start'
	from /Users/anindyamondal/.rvm/gems/ruby-3.1.2/gems/railties-7.0.3/lib/rails/commands/server/server_command.rb:38:in `start'
	from /Users/anindyamondal/.rvm/gems/ruby-3.1.2/gems/railties-7.0.3/lib/rails/commands/server/server_command.rb:143:in `block in perform'
	from <internal:kernel>:90:in `tap'
	from /Users/anindyamondal/.rvm/gems/ruby-3.1.2/gems/railties-7.0.3/lib/rails/commands/server/server_command.rb:134:in `perform'
	from /Users/anindyamondal/.rvm/gems/ruby-3.1.2/gems/thor-1.2.1/lib/thor/command.rb:27:in `run'
	from /Users/anindyamondal/.rvm/gems/ruby-3.1.2/gems/thor-1.2.1/lib/thor/invocation.rb:127:in `invoke_command'
	from /Users/anindyamondal/.rvm/gems/ruby-3.1.2/gems/thor-1.2.1/lib/thor.rb:392:in `dispatch'
	from /Users/anindyamondal/.rvm/gems/ruby-3.1.2/gems/railties-7.0.3/lib/rails/command/base.rb:87:in `perform'
	from /Users/anindyamondal/.rvm/gems/ruby-3.1.2/gems/railties-7.0.3/lib/rails/command.rb:48:in `invoke'
	from /Users/anindyamondal/.rvm/gems/ruby-3.1.2/gems/railties-7.0.3/lib/rails/commands.rb:18:in `<main>'
	from /Users/anindyamondal/.rvm/gems/ruby-3.1.2/gems/bootsnap-1.11.1/lib/bootsnap/load_path_cache/core_ext/kernel_require.rb:30:in `require'
	from /Users/anindyamondal/.rvm/gems/ruby-3.1.2/gems/bootsnap-1.11.1/lib/bootsnap/load_path_cache/core_ext/kernel_require.rb:30:in `require'
	from bin/rails:4:in `<main>'
=== puma startup: 2022-05-21 20:55:35 -0400 ===
/Users/anindyamondal/.rvm/gems/ruby-3.1.2/gems/puma-5.6.4/lib/puma/launcher.rb:248:in `write': No such file or directory @ rb_sysopen - /Users/anindyamondal/Projects/redrock/shared/pids/puma.pid (Errno::ENOENT)
	from /Users/anindyamondal/.rvm/gems/ruby-3.1.2/gems/puma-5.6.4/lib/puma/launcher.rb:248:in `write_pid'
	from /Users/anindyamondal/.rvm/gems/ruby-3.1.2/gems/puma-5.6.4/lib/puma/launcher.rb:112:in `write_state'
	from /Users/anindyamondal/.rvm/gems/ruby-3.1.2/gems/puma-5.6.4/lib/puma/cluster.rb:406:in `run'
	from /Users/anindyamondal/.rvm/gems/ruby-3.1.2/gems/puma-5.6.4/lib/puma/launcher.rb:182:in `run'
	from /Users/anindyamondal/.rvm/gems/ruby-3.1.2/gems/puma-5.6.4/lib/rack/handler/puma.rb:72:in `run'
	from /Users/anindyamondal/.rvm/gems/ruby-3.1.2/gems/rack-2.2.3/lib/rack/server.rb:327:in `start'
	from /Users/anindyamondal/.rvm/gems/ruby-3.1.2/gems/railties-7.0.3/lib/rails/commands/server/server_command.rb:38:in `start'
	from /Users/anindyamondal/.rvm/gems/ruby-3.1.2/gems/railties-7.0.3/lib/rails/commands/server/server_command.rb:143:in `block in perform'
	from <internal:kernel>:90:in `tap'
	from /Users/anindyamondal/.rvm/gems/ruby-3.1.2/gems/railties-7.0.3/lib/rails/commands/server/server_command.rb:134:in `perform'
	from /Users/anindyamondal/.rvm/gems/ruby-3.1.2/gems/thor-1.2.1/lib/thor/command.rb:27:in `run'
	from /Users/anindyamondal/.rvm/gems/ruby-3.1.2/gems/thor-1.2.1/lib/thor/invocation.rb:127:in `invoke_command'
	from /Users/anindyamondal/.rvm/gems/ruby-3.1.2/gems/thor-1.2.1/lib/thor.rb:392:in `dispatch'
	from /Users/anindyamondal/.rvm/gems/ruby-3.1.2/gems/railties-7.0.3/lib/rails/command/base.rb:87:in `perform'
	from /Users/anindyamondal/.rvm/gems/ruby-3.1.2/gems/railties-7.0.3/lib/rails/command.rb:48:in `invoke'
	from /Users/anindyamondal/.rvm/gems/ruby-3.1.2/gems/railties-7.0.3/lib/rails/commands.rb:18:in `<main>'
	from /Users/anindyamondal/.rvm/gems/ruby-3.1.2/gems/bootsnap-1.11.1/lib/bootsnap/load_path_cache/core_ext/kernel_require.rb:30:in `require'
	from /Users/anindyamondal/.rvm/gems/ruby-3.1.2/gems/bootsnap-1.11.1/lib/bootsnap/load_path_cache/core_ext/kernel_require.rb:30:in `require'
	from bin/rails:4:in `<main>'
=== puma startup: 2022-05-21 20:56:12 -0400 ===
/Users/anindyamondal/.rvm/gems/ruby-3.1.2/gems/puma-5.6.4/lib/puma/launcher.rb:248:in `write': No such file or directory @ rb_sysopen - /Users/anindyamondal/Projects/redrock/shared/pids/puma.pid (Errno::ENOENT)
	from /Users/anindyamondal/.rvm/gems/ruby-3.1.2/gems/puma-5.6.4/lib/puma/launcher.rb:248:in `write_pid'
	from /Users/anindyamondal/.rvm/gems/ruby-3.1.2/gems/puma-5.6.4/lib/puma/launcher.rb:112:in `write_state'
	from /Users/anindyamondal/.rvm/gems/ruby-3.1.2/gems/puma-5.6.4/lib/puma/cluster.rb:406:in `run'
	from /Users/anindyamondal/.rvm/gems/ruby-3.1.2/gems/puma-5.6.4/lib/puma/launcher.rb:182:in `run'
	from /Users/anindyamondal/.rvm/gems/ruby-3.1.2/gems/puma-5.6.4/lib/rack/handler/puma.rb:72:in `run'
	from /Users/anindyamondal/.rvm/gems/ruby-3.1.2/gems/rack-2.2.3/lib/rack/server.rb:327:in `start'
	from /Users/anindyamondal/.rvm/gems/ruby-3.1.2/gems/railties-7.0.3/lib/rails/commands/server/server_command.rb:38:in `start'
	from /Users/anindyamondal/.rvm/gems/ruby-3.1.2/gems/railties-7.0.3/lib/rails/commands/server/server_command.rb:143:in `block in perform'
	from <internal:kernel>:90:in `tap'
	from /Users/anindyamondal/.rvm/gems/ruby-3.1.2/gems/railties-7.0.3/lib/rails/commands/server/server_command.rb:134:in `perform'
	from /Users/anindyamondal/.rvm/gems/ruby-3.1.2/gems/thor-1.2.1/lib/thor/command.rb:27:in `run'
	from /Users/anindyamondal/.rvm/gems/ruby-3.1.2/gems/thor-1.2.1/lib/thor/invocation.rb:127:in `invoke_command'
	from /Users/anindyamondal/.rvm/gems/ruby-3.1.2/gems/thor-1.2.1/lib/thor.rb:392:in `dispatch'
	from /Users/anindyamondal/.rvm/gems/ruby-3.1.2/gems/railties-7.0.3/lib/rails/command/base.rb:87:in `perform'
	from /Users/anindyamondal/.rvm/gems/ruby-3.1.2/gems/railties-7.0.3/lib/rails/command.rb:48:in `invoke'
	from /Users/anindyamondal/.rvm/gems/ruby-3.1.2/gems/railties-7.0.3/lib/rails/commands.rb:18:in `<main>'
	from /Users/anindyamondal/.rvm/gems/ruby-3.1.2/gems/bootsnap-1.11.1/lib/bootsnap/load_path_cache/core_ext/kernel_require.rb:30:in `require'
	from /Users/anindyamondal/.rvm/gems/ruby-3.1.2/gems/bootsnap-1.11.1/lib/bootsnap/load_path_cache/core_ext/kernel_require.rb:30:in `require'
	from bin/rails:4:in `<main>'
=== puma startup: 2022-05-21 20:56:19 -0400 ===
/Users/anindyamondal/.rvm/gems/ruby-3.1.2/gems/puma-5.6.4/lib/puma/launcher.rb:248:in `write': No such file or directory @ rb_sysopen - /Users/anindyamondal/Projects/redrock/shared/pids/puma.pid (Errno::ENOENT)
	from /Users/anindyamondal/.rvm/gems/ruby-3.1.2/gems/puma-5.6.4/lib/puma/launcher.rb:248:in `write_pid'
	from /Users/anindyamondal/.rvm/gems/ruby-3.1.2/gems/puma-5.6.4/lib/puma/launcher.rb:112:in `write_state'
	from /Users/anindyamondal/.rvm/gems/ruby-3.1.2/gems/puma-5.6.4/lib/puma/cluster.rb:406:in `run'
	from /Users/anindyamondal/.rvm/gems/ruby-3.1.2/gems/puma-5.6.4/lib/puma/launcher.rb:182:in `run'
	from /Users/anindyamondal/.rvm/gems/ruby-3.1.2/gems/puma-5.6.4/lib/rack/handler/puma.rb:72:in `run'
	from /Users/anindyamondal/.rvm/gems/ruby-3.1.2/gems/rack-2.2.3/lib/rack/server.rb:327:in `start'
	from /Users/anindyamondal/.rvm/gems/ruby-3.1.2/gems/railties-7.0.3/lib/rails/commands/server/server_command.rb:38:in `start'
	from /Users/anindyamondal/.rvm/gems/ruby-3.1.2/gems/railties-7.0.3/lib/rails/commands/server/server_command.rb:143:in `block in perform'
	from <internal:kernel>:90:in `tap'
	from /Users/anindyamondal/.rvm/gems/ruby-3.1.2/gems/railties-7.0.3/lib/rails/commands/server/server_command.rb:134:in `perform'
	from /Users/anindyamondal/.rvm/gems/ruby-3.1.2/gems/thor-1.2.1/lib/thor/command.rb:27:in `run'
	from /Users/anindyamondal/.rvm/gems/ruby-3.1.2/gems/thor-1.2.1/lib/thor/invocation.rb:127:in `invoke_command'
	from /Users/anindyamondal/.rvm/gems/ruby-3.1.2/gems/thor-1.2.1/lib/thor.rb:392:in `dispatch'
	from /Users/anindyamondal/.rvm/gems/ruby-3.1.2/gems/railties-7.0.3/lib/rails/command/base.rb:87:in `perform'
	from /Users/anindyamondal/.rvm/gems/ruby-3.1.2/gems/railties-7.0.3/lib/rails/command.rb:48:in `invoke'
	from /Users/anindyamondal/.rvm/gems/ruby-3.1.2/gems/railties-7.0.3/lib/rails/commands.rb:18:in `<main>'
	from /Users/anindyamondal/.rvm/gems/ruby-3.1.2/gems/bootsnap-1.11.1/lib/bootsnap/load_path_cache/core_ext/kernel_require.rb:30:in `require'
	from /Users/anindyamondal/.rvm/gems/ruby-3.1.2/gems/bootsnap-1.11.1/lib/bootsnap/load_path_cache/core_ext/kernel_require.rb:30:in `require'
	from bin/rails:4:in `<main>'
